<?xml version="1.0" encoding="UTF-8"?>
<testng-results ignored="0" total="2" passed="2" failed="0" skipped="0">
  <reporter-output>
  </reporter-output>
  <suite started-at="2022-10-11T12:53:30 EET" name="Suite1" finished-at="2022-10-11T12:53:56 EET" duration-ms="26546">
    <groups>
    </groups>
    <test started-at="2022-10-11T12:53:30 EET" name="Nopackage" finished-at="2022-10-11T12:53:56 EET" duration-ms="26546">
      <class name="SearchFunction">
        <test-method signature="openBrowser()[pri:0, instance:SearchFunction@6b19b79]" started-at="2022-10-11T12:53:30 EET" name="openBrowser" finished-at="2022-10-11T12:53:42 EET" duration-ms="12124" status="PASS">
          <reporter-output>
          </reporter-output>
        </test-method> <!-- openBrowser -->
        <test-method signature="Search()[pri:1, instance:SearchFunction@6b19b79]" started-at="2022-10-11T12:53:42 EET" name="Search" finished-at="2022-10-11T12:53:56 EET" duration-ms="14288" status="PASS">
          <reporter-output>
          </reporter-output>
        </test-method> <!-- Search -->
      </class> <!-- SearchFunction -->
    </test> <!-- Nopackage -->
  </suite> <!-- Suite1 -->
</testng-results>
